0 silly input [ 'dotenv' ]
1 silly flags { _: [ 'add' ],
1 silly flags   'reject-cycles': false,
1 silly flags   rejectCycles: false,
1 silly flags   dev: false,
1 silly flags   D: false,
1 silly flags   scope: '@lerna-monorepo/shop,@lerna-monorepo/blog',
1 silly flags   args: [ 'dotenv' ] }
2 verbose rootPath /Users/Home/Documents/Coding/lerna-monorepo-blog/lerna-monorepo-finisher
3 info version 2.11.0
4 silly isInitialized
5 silly isInitialized true
6 silly existsSync /Users/Home/Documents/Coding/lerna-monorepo-blog/lerna-monorepo-finisher/VERSION
7 info scope @lerna-monorepo/shop,@lerna-monorepo/blog
8 error EPACKAGES Errored while collecting packages and package graph
9 error Error: No packages found that match scope '@lerna-monorepo/shop,@lerna-monorepo/blog'
9 error     at Function.filterPackages (/Users/Home/.config/yarn/global/node_modules/lerna/lib/PackageUtilities.js:252:17)
9 error     at AddCommand.runPreparations (/Users/Home/.config/yarn/global/node_modules/lerna/lib/Command.js:333:60)
9 error     at /Users/Home/.config/yarn/global/node_modules/lerna/lib/Command.js:209:18
9 error     at new Promise (<anonymous>)
9 error     at AddCommand.run (/Users/Home/.config/yarn/global/node_modules/lerna/lib/Command.js:193:14)
9 error     at Object.handler (/Users/Home/.config/yarn/global/node_modules/lerna/lib/commands/AddCommand.js:79:14)
9 error     at Object.self.runCommand (/Users/Home/.config/yarn/global/node_modules/lerna/node_modules/yargs/lib/command.js:233:22)
9 error     at Object.Yargs.self._parseArgs (/Users/Home/.config/yarn/global/node_modules/lerna/node_modules/yargs/yargs.js:990:30)
9 error     at Object.Yargs.self.parse (/Users/Home/.config/yarn/global/node_modules/lerna/node_modules/yargs/yargs.js:532:23)
